 files_out.out - OUTPUT FILES WRITTEN
 HRU                       hru_wb_day.txt
 HRU                       hru_wb_day.csv
 HRU                       hru_wb_mon.txt
 HRU                       hru_wb_mon.csv
 HRU                       hru_wb_aa.txt
 HRU                       hru_wb_aa.csv
 HRU                       hru_nb_mon.txt
 HRU                       hru_nb_mon.csv
 HRU                       hru_pw_day.txt
 HRU                       hru_pw_day.csv
 HRU                       hru_pw_mon.txt
 HRU                       hru_pw_mon.csv
 HRU                       hru_pw_aa.txt
 HRU                       hru_pw_aa.csv
 BASIN                     basin_wb_yr.txt
 BASIN                    basin_wb_yr.csv
 BASIN                     basin_wb_aa.txt
 BASIN                     basin_wb_aa.csv
 BASIN                     basin_nb_yr.txt
 BASIN                     basin_nb_yr.csv
 BASIN                     basin_nb_aa.txt
 BASIN                     basin_nb_aa.csv
 BASIN                     basin_pw_yr.txt
 BASIN                     basin_pw_yr.csv
 BASIN                     basin_pw_aa.txt
 BASIN                     basin_pw_aa.csv
 CROP                      crop_yld_aa.txt
 CROP                      crop_yld_aa.csv
 AQUIFER                   aquifer_aa.txt
 AQUIFER                   aquifer_aa.csv
 SWAT-DEG_CHANNEL          channel_sd_day.txt
 SWAT-DEG_CHANNEL          channel_sd_day.csv
 SWAT-DEG_CHANNEL_MORPH    channel_sdmorph_day.txt
 SWAT-DEG_CHANNEL_MORPH    channel_sdmorph_day.csv
 BASIN_CROP_YLD            basin_crop_yld_yr.txt
 BASIN_CROP_YLD            basin_crop_yld_aa.txt
 BASIN_AQUIFER             basin_aqu_aa.txt
 BASIN_AQUIFER             basin_aqu_aa.csv
